<?xml version="1.0" encoding="UTF-8"?>
<!-- Generated by org.testng.reporters.JUnitXMLReporter -->
<testsuite hostname="abhi-PC" ignored="0" name="Surefire test" tests="4" failures="0" timestamp="04 Nov 2019 16:51:27 GMT" time="65.515" errors="0">
  <testcase name="testAmazon" time="0.757" classname="com.seleniumJenkins.seleniumJenkins.seleniumTest"/>
  <testcase name="testFacebook" time="0.155" classname="com.seleniumJenkins.seleniumJenkins.seleniumTest"/>
  <testcase name="testNetFlix" time="0.187" classname="com.seleniumJenkins.seleniumJenkins.seleniumTest"/>
  <testcase name="testWalmart" time="0.265" classname="com.seleniumJenkins.seleniumJenkins.seleniumTest"/>
</testsuite> <!-- Surefire test -->
