<?xml version="1.0" encoding="UTF-8"?>
<!-- Generated by org.testng.reporters.JUnitXMLReporter -->
<testsuite hostname="abhi-PC" name="Default test" tests="4" failures="0" timestamp="4 Nov 2019 16:26:33 GMT" time="69.985" errors="0">
  <testcase name="testAmazon" time="0.756" classname="com.seleniumJenkins.seleniumJenkins.seleniumTest"/>
  <testcase name="testFacebook" time="0.224" classname="com.seleniumJenkins.seleniumJenkins.seleniumTest"/>
  <testcase name="testNetFlix" time="0.443" classname="com.seleniumJenkins.seleniumJenkins.seleniumTest"/>
  <testcase name="testWalmart" time="0.429" classname="com.seleniumJenkins.seleniumJenkins.seleniumTest"/>
</testsuite> <!-- Default test -->
